# Logfile created on 2014-10-14 22:02:14 +0530 by logger.rb/41954
I, [2014-10-14T22:02:14.133777 #1054]  INFO -- : 0:  blankslate (2.1.2.4) from /Library/Ruby/Gems/2.0.0/specifications/blankslate-2.1.2.4.gemspec
I, [2014-10-14T22:02:14.134460 #1054]  INFO -- : 0:  hitimes (1.2.2) from /Library/Ruby/Gems/2.0.0/specifications/hitimes-1.2.2.gemspec
I, [2014-10-14T22:02:14.134856 #1054]  INFO -- : 0:  timers (4.0.1) from /Library/Ruby/Gems/2.0.0/specifications/timers-4.0.1.gemspec
I, [2014-10-14T22:02:14.135224 #1054]  INFO -- : 0:  celluloid (0.16.0) from /Library/Ruby/Gems/2.0.0/specifications/celluloid-0.16.0.gemspec
I, [2014-10-14T22:02:14.135591 #1054]  INFO -- : 0:  fast-stemmer (1.0.2) from /Library/Ruby/Gems/2.0.0/specifications/fast-stemmer-1.0.2.gemspec
I, [2014-10-14T22:02:14.135958 #1054]  INFO -- : 0:  classifier-reborn (2.0.1) from /Library/Ruby/Gems/2.0.0/specifications/classifier-reborn-2.0.1.gemspec
I, [2014-10-14T22:02:14.136328 #1054]  INFO -- : 0:  coffee-script-source (1.8.0) from /Library/Ruby/Gems/2.0.0/specifications/coffee-script-source-1.8.0.gemspec
I, [2014-10-14T22:02:14.136746 #1054]  INFO -- : 0:  execjs (2.2.1) from /Library/Ruby/Gems/2.0.0/specifications/execjs-2.2.1.gemspec
I, [2014-10-14T22:02:14.137139 #1054]  INFO -- : 0:  coffee-script (2.3.0) from /Library/Ruby/Gems/2.0.0/specifications/coffee-script-2.3.0.gemspec
I, [2014-10-14T22:02:14.137701 #1054]  INFO -- : 0:  colorator (0.1) from /Library/Ruby/Gems/2.0.0/specifications/colorator-0.1.gemspec
I, [2014-10-14T22:03:06.283816 #1054]  INFO -- : 0:  colored (1.2) from /Library/Ruby/Gems/2.0.0/specifications/colored-1.2.gemspec
I, [2014-10-14T22:03:06.286542 #1054]  INFO -- : 0:  ffi (1.9.6) from /Library/Ruby/Gems/2.0.0/specifications/ffi-1.9.6.gemspec
I, [2014-10-14T22:03:11.085480 #1054]  INFO -- : 0:  ethon (0.7.1) from /Library/Ruby/Gems/2.0.0/specifications/ethon-0.7.1.gemspec
I, [2014-10-14T22:03:11.097827 #1054]  INFO -- : 0:  mercenary (0.3.4) from /Library/Ruby/Gems/2.0.0/specifications/mercenary-0.3.4.gemspec
I, [2014-10-14T22:03:15.263268 #1054]  INFO -- : 0:  mini_portile (0.6.0) from /Library/Ruby/Gems/2.0.0/specifications/mini_portile-0.6.0.gemspec
I, [2014-10-14T22:06:33.301014 #1054]  INFO -- : 0:  nokogiri (1.6.3.1) from /Library/Ruby/Gems/2.0.0/specifications/nokogiri-1.6.3.1.gemspec
I, [2014-10-14T22:06:36.100807 #1054]  INFO -- : 0:  parallel (1.3.3) from /Library/Ruby/Gems/2.0.0/specifications/parallel-1.3.3.gemspec
I, [2014-10-14T22:06:39.815001 #1054]  INFO -- : 0:  typhoeus (0.6.9) from /Library/Ruby/Gems/2.0.0/specifications/typhoeus-0.6.9.gemspec
I, [2014-10-14T22:06:43.058444 #1054]  INFO -- : 0:  yell (2.0.5) from /Library/Ruby/Gems/2.0.0/specifications/yell-2.0.5.gemspec
I, [2014-10-14T22:06:47.484289 #1054]  INFO -- : 0:  html-proofer (1.4.0) from /Library/Ruby/Gems/2.0.0/specifications/html-proofer-1.4.0.gemspec
I, [2014-10-14T22:06:47.498118 #1054]  INFO -- : 0:  jekyll-coffeescript (1.0.1) from /Library/Ruby/Gems/2.0.0/specifications/jekyll-coffeescript-1.0.1.gemspec
I, [2014-10-14T22:06:47.499095 #1054]  INFO -- : 0:  jekyll-gist (1.1.0) from /Library/Ruby/Gems/2.0.0/specifications/jekyll-gist-1.1.0.gemspec
I, [2014-10-14T22:06:50.294687 #1054]  INFO -- : 0:  jekyll-paginate (1.1.0) from /Library/Ruby/Gems/2.0.0/specifications/jekyll-paginate-1.1.0.gemspec
I, [2014-10-14T22:06:50.300358 #1054]  INFO -- : 0:  sass (3.4.5) from /Library/Ruby/Gems/2.0.0/specifications/sass-3.4.5.gemspec
I, [2014-10-14T22:06:50.301096 #1054]  INFO -- : 0:  jekyll-sass-converter (1.2.1) from /Library/Ruby/Gems/2.0.0/specifications/jekyll-sass-converter-1.2.1.gemspec
I, [2014-10-14T22:06:50.301770 #1054]  INFO -- : 0:  rb-fsevent (0.9.4) from /Library/Ruby/Gems/2.0.0/specifications/rb-fsevent-0.9.4.gemspec
I, [2014-10-14T22:06:50.302397 #1054]  INFO -- : 0:  rb-inotify (0.9.5) from /Library/Ruby/Gems/2.0.0/specifications/rb-inotify-0.9.5.gemspec
I, [2014-10-14T22:06:50.303494 #1054]  INFO -- : 0:  listen (2.7.11) from /Library/Ruby/Gems/2.0.0/specifications/listen-2.7.11.gemspec
I, [2014-10-14T22:06:50.304267 #1054]  INFO -- : 0:  jekyll-watch (1.1.1) from /Library/Ruby/Gems/2.0.0/specifications/jekyll-watch-1.1.1.gemspec
I, [2014-10-14T22:06:50.304926 #1054]  INFO -- : 0:  kramdown (1.4.2) from /Library/Ruby/Gems/2.0.0/specifications/kramdown-1.4.2.gemspec
I, [2014-10-14T22:06:50.305522 #1054]  INFO -- : 0:  liquid (2.6.1) from /Library/Ruby/Gems/2.0.0/specifications/liquid-2.6.1.gemspec
I, [2014-10-14T22:06:50.306144 #1054]  INFO -- : 0:  posix-spawn (0.3.9) from /Library/Ruby/Gems/2.0.0/specifications/posix-spawn-0.3.9.gemspec
I, [2014-10-14T22:06:50.306701 #1054]  INFO -- : 0:  yajl-ruby (1.1.0) from /Library/Ruby/Gems/2.0.0/specifications/yajl-ruby-1.1.0.gemspec
I, [2014-10-14T22:06:50.307162 #1054]  INFO -- : 0:  pygments.rb (0.6.0) from /Library/Ruby/Gems/2.0.0/specifications/pygments.rb-0.6.0.gemspec
I, [2014-10-14T22:06:58.242715 #1054]  INFO -- : 0:  redcarpet (3.2.0) from /Library/Ruby/Gems/2.0.0/specifications/redcarpet-3.2.0.gemspec
I, [2014-10-14T22:06:58.250111 #1054]  INFO -- : 0:  safe_yaml (1.0.4) from /Library/Ruby/Gems/2.0.0/specifications/safe_yaml-1.0.4.gemspec
I, [2014-10-14T22:06:58.250693 #1054]  INFO -- : 0:  parslet (1.5.0) from /Library/Ruby/Gems/2.0.0/specifications/parslet-1.5.0.gemspec
I, [2014-10-14T22:06:58.251158 #1054]  INFO -- : 0:  toml (0.1.1) from /Library/Ruby/Gems/2.0.0/specifications/toml-0.1.1.gemspec
I, [2014-10-14T22:06:58.251608 #1054]  INFO -- : 0:  jekyll (2.4.0) from /Library/Ruby/Gems/2.0.0/specifications/jekyll-2.4.0.gemspec
I, [2014-10-14T22:06:58.252082 #1054]  INFO -- : 0:  jekyll-sitemap (0.6.0) from /Library/Ruby/Gems/2.0.0/specifications/jekyll-sitemap-0.6.0.gemspec
I, [2014-10-14T22:06:58.252550 #1054]  INFO -- : 0:  octopress-hooks (2.2.1) from /Library/Ruby/Gems/2.0.0/specifications/octopress-hooks-2.2.1.gemspec
I, [2014-10-14T22:06:58.252985 #1054]  INFO -- : 0:  octopress-escape-code (1.0.2) from /Library/Ruby/Gems/2.0.0/specifications/octopress-escape-code-1.0.2.gemspec
I, [2014-10-14T22:06:58.253422 #1054]  INFO -- : 0:  octopress-docs (0.0.9) from /Library/Ruby/Gems/2.0.0/specifications/octopress-docs-0.0.9.gemspec
I, [2014-10-14T22:06:58.253890 #1054]  INFO -- : 0:  octopress-deploy (1.0.0) from /Library/Ruby/Gems/2.0.0/specifications/octopress-deploy-1.0.0.gemspec
I, [2014-10-14T22:06:58.254343 #1054]  INFO -- : 0:  titlecase (0.1.1) from /Library/Ruby/Gems/2.0.0/specifications/titlecase-0.1.1.gemspec
I, [2014-10-14T22:06:58.254806 #1054]  INFO -- : 0:  octopress (3.0.0.rc.15) from /Library/Ruby/Gems/2.0.0/specifications/octopress-3.0.0.rc.15.gemspec
I, [2014-10-14T22:06:58.255212 #1054]  INFO -- : 0:  bundler (1.5.0) from /Library/Ruby/Gems/2.0.0/specifications/bundler-1.5.0.gemspec
